<?xml version="1.0" encoding="UTF-8"?>
<testng-results ignored="0" total="1" passed="1" failed="0" skipped="0">
  <reporter-output>
  </reporter-output>
  <suite started-at="2022-03-27T12:10:33 IST" name="Default suite" finished-at="2022-03-27T12:10:34 IST" duration-ms="881">
    <groups>
    </groups>
    <test started-at="2022-03-27T12:10:33 IST" name="Default test" finished-at="2022-03-27T12:10:34 IST" duration-ms="881">
      <class name="serializationtopic.Simplecodetopic">
        <test-method signature="name()[pri:0, instance:serializationtopic.Simplecodetopic@41e1e210]" started-at="2022-03-27T12:10:33 IST" name="name" finished-at="2022-03-27T12:10:34 IST" duration-ms="634" status="PASS">
          <reporter-output>
          </reporter-output>
        </test-method> <!-- name -->
      </class> <!-- serializationtopic.Simplecodetopic -->
    </test> <!-- Default test -->
  </suite> <!-- Default suite -->
</testng-results>
